[2023-06-15T10:45:01.442+0000] {taskinstance.py:1087} INFO - Dependencies all met for <TaskInstance: add_entry_dag.add_entry_task scheduled__2023-06-15T10:44:00+00:00 [queued]>
[2023-06-15T10:45:01.448+0000] {taskinstance.py:1087} INFO - Dependencies all met for <TaskInstance: add_entry_dag.add_entry_task scheduled__2023-06-15T10:44:00+00:00 [queued]>
[2023-06-15T10:45:01.448+0000] {taskinstance.py:1283} INFO - 
--------------------------------------------------------------------------------
[2023-06-15T10:45:01.449+0000] {taskinstance.py:1284} INFO - Starting attempt 1 of 1
[2023-06-15T10:45:01.449+0000] {taskinstance.py:1285} INFO - 
--------------------------------------------------------------------------------
[2023-06-15T10:45:01.457+0000] {taskinstance.py:1304} INFO - Executing <Task(PythonOperator): add_entry_task> on 2023-06-15 10:44:00+00:00
[2023-06-15T10:45:01.460+0000] {standard_task_runner.py:55} INFO - Started process 1292 to run task
[2023-06-15T10:45:01.463+0000] {standard_task_runner.py:82} INFO - Running: ['***', 'tasks', 'run', 'add_entry_dag', 'add_entry_task', 'scheduled__2023-06-15T10:44:00+00:00', '--job-id', '57', '--raw', '--subdir', 'DAGS_FOLDER/postgres_dag.py', '--cfg-path', '/tmp/tmpyxc_15fq']
[2023-06-15T10:45:01.465+0000] {standard_task_runner.py:83} INFO - Job 57: Subtask add_entry_task
[2023-06-15T10:45:01.513+0000] {task_command.py:389} INFO - Running <TaskInstance: add_entry_dag.add_entry_task scheduled__2023-06-15T10:44:00+00:00 [running]> on host ff7147a0d5a7
[2023-06-15T10:45:01.559+0000] {taskinstance.py:1513} INFO - Exporting the following env vars:
AIRFLOW_CTX_DAG_OWNER=***
AIRFLOW_CTX_DAG_ID=add_entry_dag
AIRFLOW_CTX_TASK_ID=add_entry_task
AIRFLOW_CTX_EXECUTION_DATE=2023-06-15T10:44:00+00:00
AIRFLOW_CTX_TRY_NUMBER=1
AIRFLOW_CTX_DAG_RUN_ID=scheduled__2023-06-15T10:44:00+00:00
[2023-06-15T10:45:01.568+0000] {base.py:73} INFO - Using connection ID 'postgres_conn' for task execution.
[2023-06-15T10:45:01.572+0000] {sql.py:364} INFO - Running statement: INSERT INTO assignment_table (execution_time) VALUES ('2023-06-15 10:45:01.560483'), parameters: None
[2023-06-15T10:45:01.574+0000] {sql.py:373} INFO - Rows affected: 1
[2023-06-15T10:45:01.575+0000] {python.py:177} INFO - Done. Returned value was: None
[2023-06-15T10:45:01.582+0000] {taskinstance.py:1327} INFO - Marking task as SUCCESS. dag_id=add_entry_dag, task_id=add_entry_task, execution_date=20230615T104400, start_date=20230615T104501, end_date=20230615T104501
[2023-06-15T10:45:01.635+0000] {local_task_job.py:159} INFO - Task exited with return code 0
[2023-06-15T10:45:01.649+0000] {taskinstance.py:2582} INFO - 0 downstream tasks scheduled from follow-on schedule check
