[2023-06-15T07:47:08.001+0000] {taskinstance.py:1087} INFO - Dependencies all met for <TaskInstance: add_entry_dag.add_entry_to_db_task manual__2023-06-15T07:47:06.556113+00:00 [queued]>
[2023-06-15T07:47:08.009+0000] {taskinstance.py:1087} INFO - Dependencies all met for <TaskInstance: add_entry_dag.add_entry_to_db_task manual__2023-06-15T07:47:06.556113+00:00 [queued]>
[2023-06-15T07:47:08.010+0000] {taskinstance.py:1283} INFO - 
--------------------------------------------------------------------------------
[2023-06-15T07:47:08.010+0000] {taskinstance.py:1284} INFO - Starting attempt 1 of 1
[2023-06-15T07:47:08.011+0000] {taskinstance.py:1285} INFO - 
--------------------------------------------------------------------------------
[2023-06-15T07:47:08.024+0000] {taskinstance.py:1304} INFO - Executing <Task(PythonOperator): add_entry_to_db_task> on 2023-06-15 07:47:06.556113+00:00
[2023-06-15T07:47:08.028+0000] {standard_task_runner.py:55} INFO - Started process 369 to run task
[2023-06-15T07:47:08.032+0000] {standard_task_runner.py:82} INFO - Running: ['***', 'tasks', 'run', 'add_entry_dag', 'add_entry_to_db_task', 'manual__2023-06-15T07:47:06.556113+00:00', '--job-id', '11', '--raw', '--subdir', 'DAGS_FOLDER/postgres_dag.py', '--cfg-path', '/tmp/tmppa2nnfud']
[2023-06-15T07:47:08.034+0000] {standard_task_runner.py:83} INFO - Job 11: Subtask add_entry_to_db_task
[2023-06-15T07:47:08.095+0000] {task_command.py:389} INFO - Running <TaskInstance: add_entry_dag.add_entry_to_db_task manual__2023-06-15T07:47:06.556113+00:00 [running]> on host 0413488a6cc2
[2023-06-15T07:47:08.177+0000] {taskinstance.py:1513} INFO - Exporting the following env vars:
AIRFLOW_CTX_DAG_OWNER=***
AIRFLOW_CTX_DAG_ID=add_entry_dag
AIRFLOW_CTX_TASK_ID=add_entry_to_db_task
AIRFLOW_CTX_EXECUTION_DATE=2023-06-15T07:47:06.556113+00:00
AIRFLOW_CTX_TRY_NUMBER=1
AIRFLOW_CTX_DAG_RUN_ID=manual__2023-06-15T07:47:06.556113+00:00
[2023-06-15T07:47:08.211+0000] {base.py:73} INFO - Using connection ID 'postgres_conn' for task execution.
[2023-06-15T07:47:08.223+0000] {sql.py:364} INFO - Running statement: INSERT INTO assignment_table (execution_time) VALUES ('2023-06-15 07:47:08.179537'), parameters: None
[2023-06-15T07:47:08.225+0000] {sql.py:373} INFO - Rows affected: 1
[2023-06-15T07:47:08.231+0000] {python.py:177} INFO - Done. Returned value was: None
[2023-06-15T07:47:08.242+0000] {taskinstance.py:1327} INFO - Marking task as SUCCESS. dag_id=add_entry_dag, task_id=add_entry_to_db_task, execution_date=20230615T074706, start_date=20230615T074708, end_date=20230615T074708
[2023-06-15T07:47:08.294+0000] {local_task_job.py:159} INFO - Task exited with return code 0
[2023-06-15T07:47:08.322+0000] {taskinstance.py:2582} INFO - 0 downstream tasks scheduled from follow-on schedule check
