[2023-06-15T10:50:02.012+0000] {taskinstance.py:1087} INFO - Dependencies all met for <TaskInstance: add_entry_dag.add_entry_task scheduled__2023-06-15T10:49:00+00:00 [queued]>
[2023-06-15T10:50:02.020+0000] {taskinstance.py:1087} INFO - Dependencies all met for <TaskInstance: add_entry_dag.add_entry_task scheduled__2023-06-15T10:49:00+00:00 [queued]>
[2023-06-15T10:50:02.020+0000] {taskinstance.py:1283} INFO - 
--------------------------------------------------------------------------------
[2023-06-15T10:50:02.021+0000] {taskinstance.py:1284} INFO - Starting attempt 1 of 1
[2023-06-15T10:50:02.021+0000] {taskinstance.py:1285} INFO - 
--------------------------------------------------------------------------------
[2023-06-15T10:50:02.030+0000] {taskinstance.py:1304} INFO - Executing <Task(PythonOperator): add_entry_task> on 2023-06-15 10:49:00+00:00
[2023-06-15T10:50:02.035+0000] {standard_task_runner.py:55} INFO - Started process 1668 to run task
[2023-06-15T10:50:02.038+0000] {standard_task_runner.py:82} INFO - Running: ['***', 'tasks', 'run', 'add_entry_dag', 'add_entry_task', 'scheduled__2023-06-15T10:49:00+00:00', '--job-id', '67', '--raw', '--subdir', 'DAGS_FOLDER/postgres_dag.py', '--cfg-path', '/tmp/tmpvhud9pie']
[2023-06-15T10:50:02.040+0000] {standard_task_runner.py:83} INFO - Job 67: Subtask add_entry_task
[2023-06-15T10:50:02.097+0000] {task_command.py:389} INFO - Running <TaskInstance: add_entry_dag.add_entry_task scheduled__2023-06-15T10:49:00+00:00 [running]> on host ff7147a0d5a7
[2023-06-15T10:50:02.151+0000] {taskinstance.py:1513} INFO - Exporting the following env vars:
AIRFLOW_CTX_DAG_OWNER=***
AIRFLOW_CTX_DAG_ID=add_entry_dag
AIRFLOW_CTX_TASK_ID=add_entry_task
AIRFLOW_CTX_EXECUTION_DATE=2023-06-15T10:49:00+00:00
AIRFLOW_CTX_TRY_NUMBER=1
AIRFLOW_CTX_DAG_RUN_ID=scheduled__2023-06-15T10:49:00+00:00
[2023-06-15T10:50:02.160+0000] {base.py:73} INFO - Using connection ID 'postgres_conn' for task execution.
[2023-06-15T10:50:02.166+0000] {sql.py:364} INFO - Running statement: INSERT INTO assignment_table (execution_time) VALUES ('2023-06-15 10:50:02.152443'), parameters: None
[2023-06-15T10:50:02.168+0000] {sql.py:373} INFO - Rows affected: 1
[2023-06-15T10:50:02.169+0000] {python.py:177} INFO - Done. Returned value was: None
[2023-06-15T10:50:02.178+0000] {taskinstance.py:1327} INFO - Marking task as SUCCESS. dag_id=add_entry_dag, task_id=add_entry_task, execution_date=20230615T104900, start_date=20230615T105002, end_date=20230615T105002
[2023-06-15T10:50:02.210+0000] {local_task_job.py:159} INFO - Task exited with return code 0
[2023-06-15T10:50:02.225+0000] {taskinstance.py:2582} INFO - 0 downstream tasks scheduled from follow-on schedule check
