[2023-06-15T07:47:07.511+0000] {taskinstance.py:1087} INFO - Dependencies all met for <TaskInstance: add_entry_dag.create_table_task manual__2023-06-15T07:47:06.556113+00:00 [queued]>
[2023-06-15T07:47:07.521+0000] {taskinstance.py:1087} INFO - Dependencies all met for <TaskInstance: add_entry_dag.create_table_task manual__2023-06-15T07:47:06.556113+00:00 [queued]>
[2023-06-15T07:47:07.522+0000] {taskinstance.py:1283} INFO - 
--------------------------------------------------------------------------------
[2023-06-15T07:47:07.522+0000] {taskinstance.py:1284} INFO - Starting attempt 1 of 1
[2023-06-15T07:47:07.523+0000] {taskinstance.py:1285} INFO - 
--------------------------------------------------------------------------------
[2023-06-15T07:47:07.533+0000] {taskinstance.py:1304} INFO - Executing <Task(PythonOperator): create_table_task> on 2023-06-15 07:47:06.556113+00:00
[2023-06-15T07:47:07.538+0000] {standard_task_runner.py:55} INFO - Started process 367 to run task
[2023-06-15T07:47:07.542+0000] {standard_task_runner.py:82} INFO - Running: ['***', 'tasks', 'run', 'add_entry_dag', 'create_table_task', 'manual__2023-06-15T07:47:06.556113+00:00', '--job-id', '10', '--raw', '--subdir', 'DAGS_FOLDER/postgres_dag.py', '--cfg-path', '/tmp/tmp1mufq9r7']
[2023-06-15T07:47:07.545+0000] {standard_task_runner.py:83} INFO - Job 10: Subtask create_table_task
[2023-06-15T07:47:07.624+0000] {task_command.py:389} INFO - Running <TaskInstance: add_entry_dag.create_table_task manual__2023-06-15T07:47:06.556113+00:00 [running]> on host 0413488a6cc2
[2023-06-15T07:47:07.686+0000] {taskinstance.py:1513} INFO - Exporting the following env vars:
AIRFLOW_CTX_DAG_OWNER=***
AIRFLOW_CTX_DAG_ID=add_entry_dag
AIRFLOW_CTX_TASK_ID=create_table_task
AIRFLOW_CTX_EXECUTION_DATE=2023-06-15T07:47:06.556113+00:00
AIRFLOW_CTX_TRY_NUMBER=1
AIRFLOW_CTX_DAG_RUN_ID=manual__2023-06-15T07:47:06.556113+00:00
[2023-06-15T07:47:07.697+0000] {base.py:73} INFO - Using connection ID 'postgres_conn' for task execution.
[2023-06-15T07:47:07.709+0000] {sql.py:364} INFO - Running statement: CREATE TABLE IF NOT EXISTS assignment_table (execution_time TIMESTAMP), parameters: None
[2023-06-15T07:47:07.719+0000] {python.py:177} INFO - Done. Returned value was: None
[2023-06-15T07:47:07.739+0000] {taskinstance.py:1327} INFO - Marking task as SUCCESS. dag_id=add_entry_dag, task_id=create_table_task, execution_date=20230615T074706, start_date=20230615T074707, end_date=20230615T074707
[2023-06-15T07:47:07.796+0000] {local_task_job.py:159} INFO - Task exited with return code 0
[2023-06-15T07:47:07.817+0000] {taskinstance.py:2582} INFO - 0 downstream tasks scheduled from follow-on schedule check
