[2023-06-15T07:52:00.327+0000] {taskinstance.py:1087} INFO - Dependencies all met for <TaskInstance: add_entry_dag.create_table_task scheduled__2023-06-15T07:51:00+00:00 [queued]>
[2023-06-15T07:52:00.333+0000] {taskinstance.py:1087} INFO - Dependencies all met for <TaskInstance: add_entry_dag.create_table_task scheduled__2023-06-15T07:51:00+00:00 [queued]>
[2023-06-15T07:52:00.334+0000] {taskinstance.py:1283} INFO - 
--------------------------------------------------------------------------------
[2023-06-15T07:52:00.334+0000] {taskinstance.py:1284} INFO - Starting attempt 1 of 1
[2023-06-15T07:52:00.335+0000] {taskinstance.py:1285} INFO - 
--------------------------------------------------------------------------------
[2023-06-15T07:52:00.342+0000] {taskinstance.py:1304} INFO - Executing <Task(PythonOperator): create_table_task> on 2023-06-15 07:51:00+00:00
[2023-06-15T07:52:00.345+0000] {standard_task_runner.py:55} INFO - Started process 753 to run task
[2023-06-15T07:52:00.349+0000] {standard_task_runner.py:82} INFO - Running: ['***', 'tasks', 'run', 'add_entry_dag', 'create_table_task', 'scheduled__2023-06-15T07:51:00+00:00', '--job-id', '22', '--raw', '--subdir', 'DAGS_FOLDER/postgres_dag.py', '--cfg-path', '/tmp/tmpj7nagx7s']
[2023-06-15T07:52:00.350+0000] {standard_task_runner.py:83} INFO - Job 22: Subtask create_table_task
[2023-06-15T07:52:00.400+0000] {task_command.py:389} INFO - Running <TaskInstance: add_entry_dag.create_table_task scheduled__2023-06-15T07:51:00+00:00 [running]> on host 0413488a6cc2
[2023-06-15T07:52:00.448+0000] {taskinstance.py:1513} INFO - Exporting the following env vars:
AIRFLOW_CTX_DAG_OWNER=***
AIRFLOW_CTX_DAG_ID=add_entry_dag
AIRFLOW_CTX_TASK_ID=create_table_task
AIRFLOW_CTX_EXECUTION_DATE=2023-06-15T07:51:00+00:00
AIRFLOW_CTX_TRY_NUMBER=1
AIRFLOW_CTX_DAG_RUN_ID=scheduled__2023-06-15T07:51:00+00:00
[2023-06-15T07:52:00.458+0000] {base.py:73} INFO - Using connection ID 'postgres_conn' for task execution.
[2023-06-15T07:52:00.463+0000] {sql.py:364} INFO - Running statement: CREATE TABLE IF NOT EXISTS assignment_table (execution_time TIMESTAMP), parameters: None
[2023-06-15T07:52:00.465+0000] {python.py:177} INFO - Done. Returned value was: None
[2023-06-15T07:52:00.473+0000] {taskinstance.py:1327} INFO - Marking task as SUCCESS. dag_id=add_entry_dag, task_id=create_table_task, execution_date=20230615T075100, start_date=20230615T075200, end_date=20230615T075200
[2023-06-15T07:52:00.522+0000] {local_task_job.py:159} INFO - Task exited with return code 0
[2023-06-15T07:52:00.540+0000] {taskinstance.py:2582} INFO - 1 downstream tasks scheduled from follow-on schedule check
