[2023-06-16T10:45:16.932+0000] {taskinstance.py:1087} INFO - Dependencies all met for <TaskInstance: add_entry_dag.table_creation_task manual__2023-06-16T10:45:16.071846+00:00 [queued]>
[2023-06-16T10:45:16.939+0000] {taskinstance.py:1087} INFO - Dependencies all met for <TaskInstance: add_entry_dag.table_creation_task manual__2023-06-16T10:45:16.071846+00:00 [queued]>
[2023-06-16T10:45:16.939+0000] {taskinstance.py:1283} INFO - 
--------------------------------------------------------------------------------
[2023-06-16T10:45:16.940+0000] {taskinstance.py:1284} INFO - Starting attempt 1 of 1
[2023-06-16T10:45:16.940+0000] {taskinstance.py:1285} INFO - 
--------------------------------------------------------------------------------
[2023-06-16T10:45:16.947+0000] {taskinstance.py:1304} INFO - Executing <Task(PythonOperator): table_creation_task> on 2023-06-16 10:45:16.071846+00:00
[2023-06-16T10:45:16.953+0000] {standard_task_runner.py:55} INFO - Started process 362 to run task
[2023-06-16T10:45:16.956+0000] {standard_task_runner.py:82} INFO - Running: ['***', 'tasks', 'run', 'add_entry_dag', 'table_creation_task', 'manual__2023-06-16T10:45:16.071846+00:00', '--job-id', '10', '--raw', '--subdir', 'DAGS_FOLDER/postgres_dag.py', '--cfg-path', '/tmp/tmp6tl1opnp']
[2023-06-16T10:45:16.958+0000] {standard_task_runner.py:83} INFO - Job 10: Subtask table_creation_task
[2023-06-16T10:45:17.003+0000] {task_command.py:389} INFO - Running <TaskInstance: add_entry_dag.table_creation_task manual__2023-06-16T10:45:16.071846+00:00 [running]> on host be983b66c53b
[2023-06-16T10:45:17.048+0000] {taskinstance.py:1513} INFO - Exporting the following env vars:
AIRFLOW_CTX_DAG_OWNER=***
AIRFLOW_CTX_DAG_ID=add_entry_dag
AIRFLOW_CTX_TASK_ID=table_creation_task
AIRFLOW_CTX_EXECUTION_DATE=2023-06-16T10:45:16.071846+00:00
AIRFLOW_CTX_TRY_NUMBER=1
AIRFLOW_CTX_DAG_RUN_ID=manual__2023-06-16T10:45:16.071846+00:00
[2023-06-16T10:45:17.056+0000] {base.py:73} INFO - Using connection ID 'postgres_conn' for task execution.
[2023-06-16T10:45:17.061+0000] {sql.py:364} INFO - Running statement: CREATE TABLE IF NOT EXISTS assignment_table (execution_time TIMESTAMP), parameters: None
[2023-06-16T10:45:17.065+0000] {python.py:177} INFO - Done. Returned value was: None
[2023-06-16T10:45:17.074+0000] {taskinstance.py:1327} INFO - Marking task as SUCCESS. dag_id=add_entry_dag, task_id=table_creation_task, execution_date=20230616T104516, start_date=20230616T104516, end_date=20230616T104517
[2023-06-16T10:45:17.090+0000] {local_task_job.py:159} INFO - Task exited with return code 0
[2023-06-16T10:45:17.106+0000] {taskinstance.py:2582} INFO - 1 downstream tasks scheduled from follow-on schedule check
