[2023-06-15T11:26:01.032+0000] {taskinstance.py:1087} INFO - Dependencies all met for <TaskInstance: add_entry_dag.table_creation_task scheduled__2023-06-15T11:25:00+00:00 [queued]>
[2023-06-15T11:26:01.040+0000] {taskinstance.py:1087} INFO - Dependencies all met for <TaskInstance: add_entry_dag.table_creation_task scheduled__2023-06-15T11:25:00+00:00 [queued]>
[2023-06-15T11:26:01.041+0000] {taskinstance.py:1283} INFO - 
--------------------------------------------------------------------------------
[2023-06-15T11:26:01.042+0000] {taskinstance.py:1284} INFO - Starting attempt 1 of 1
[2023-06-15T11:26:01.042+0000] {taskinstance.py:1285} INFO - 
--------------------------------------------------------------------------------
[2023-06-15T11:26:01.051+0000] {taskinstance.py:1304} INFO - Executing <Task(PythonOperator): table_creation_task> on 2023-06-15 11:25:00+00:00
[2023-06-15T11:26:01.056+0000] {standard_task_runner.py:55} INFO - Started process 4406 to run task
[2023-06-15T11:26:01.065+0000] {standard_task_runner.py:82} INFO - Running: ['***', 'tasks', 'run', 'add_entry_dag', 'table_creation_task', 'scheduled__2023-06-15T11:25:00+00:00', '--job-id', '138', '--raw', '--subdir', 'DAGS_FOLDER/postgres_dag.py', '--cfg-path', '/tmp/tmp47i93mxw']
[2023-06-15T11:26:01.067+0000] {standard_task_runner.py:83} INFO - Job 138: Subtask table_creation_task
[2023-06-15T11:26:01.196+0000] {task_command.py:389} INFO - Running <TaskInstance: add_entry_dag.table_creation_task scheduled__2023-06-15T11:25:00+00:00 [running]> on host ff7147a0d5a7
[2023-06-15T11:26:01.353+0000] {taskinstance.py:1513} INFO - Exporting the following env vars:
AIRFLOW_CTX_DAG_OWNER=***
AIRFLOW_CTX_DAG_ID=add_entry_dag
AIRFLOW_CTX_TASK_ID=table_creation_task
AIRFLOW_CTX_EXECUTION_DATE=2023-06-15T11:25:00+00:00
AIRFLOW_CTX_TRY_NUMBER=1
AIRFLOW_CTX_DAG_RUN_ID=scheduled__2023-06-15T11:25:00+00:00
[2023-06-15T11:26:01.365+0000] {base.py:73} INFO - Using connection ID 'postgres_conn' for task execution.
[2023-06-15T11:26:01.370+0000] {sql.py:364} INFO - Running statement: CREATE TABLE IF NOT EXISTS assignment_table (execution_time TIMESTAMP), parameters: None
[2023-06-15T11:26:01.373+0000] {python.py:177} INFO - Done. Returned value was: None
[2023-06-15T11:26:01.383+0000] {taskinstance.py:1327} INFO - Marking task as SUCCESS. dag_id=add_entry_dag, task_id=table_creation_task, execution_date=20230615T112500, start_date=20230615T112601, end_date=20230615T112601
[2023-06-15T11:26:01.434+0000] {local_task_job.py:159} INFO - Task exited with return code 0
[2023-06-15T11:26:01.451+0000] {taskinstance.py:2582} INFO - 1 downstream tasks scheduled from follow-on schedule check
