[2023-06-15T11:36:01.118+0000] {taskinstance.py:1087} INFO - Dependencies all met for <TaskInstance: add_entry_dag.table_creation_task scheduled__2023-06-15T11:35:00+00:00 [queued]>
[2023-06-15T11:36:01.125+0000] {taskinstance.py:1087} INFO - Dependencies all met for <TaskInstance: add_entry_dag.table_creation_task scheduled__2023-06-15T11:35:00+00:00 [queued]>
[2023-06-15T11:36:01.126+0000] {taskinstance.py:1283} INFO - 
--------------------------------------------------------------------------------
[2023-06-15T11:36:01.126+0000] {taskinstance.py:1284} INFO - Starting attempt 1 of 1
[2023-06-15T11:36:01.127+0000] {taskinstance.py:1285} INFO - 
--------------------------------------------------------------------------------
[2023-06-15T11:36:01.134+0000] {taskinstance.py:1304} INFO - Executing <Task(PythonOperator): table_creation_task> on 2023-06-15 11:35:00+00:00
[2023-06-15T11:36:01.139+0000] {standard_task_runner.py:55} INFO - Started process 5173 to run task
[2023-06-15T11:36:01.142+0000] {standard_task_runner.py:82} INFO - Running: ['***', 'tasks', 'run', 'add_entry_dag', 'table_creation_task', 'scheduled__2023-06-15T11:35:00+00:00', '--job-id', '158', '--raw', '--subdir', 'DAGS_FOLDER/postgres_dag.py', '--cfg-path', '/tmp/tmppms_xt0i']
[2023-06-15T11:36:01.144+0000] {standard_task_runner.py:83} INFO - Job 158: Subtask table_creation_task
[2023-06-15T11:36:01.195+0000] {task_command.py:389} INFO - Running <TaskInstance: add_entry_dag.table_creation_task scheduled__2023-06-15T11:35:00+00:00 [running]> on host ff7147a0d5a7
[2023-06-15T11:36:01.245+0000] {taskinstance.py:1513} INFO - Exporting the following env vars:
AIRFLOW_CTX_DAG_OWNER=***
AIRFLOW_CTX_DAG_ID=add_entry_dag
AIRFLOW_CTX_TASK_ID=table_creation_task
AIRFLOW_CTX_EXECUTION_DATE=2023-06-15T11:35:00+00:00
AIRFLOW_CTX_TRY_NUMBER=1
AIRFLOW_CTX_DAG_RUN_ID=scheduled__2023-06-15T11:35:00+00:00
[2023-06-15T11:36:01.254+0000] {base.py:73} INFO - Using connection ID 'postgres_conn' for task execution.
[2023-06-15T11:36:01.259+0000] {sql.py:364} INFO - Running statement: CREATE TABLE IF NOT EXISTS assignment_table (execution_time TIMESTAMP), parameters: None
[2023-06-15T11:36:01.260+0000] {python.py:177} INFO - Done. Returned value was: None
[2023-06-15T11:36:01.268+0000] {taskinstance.py:1327} INFO - Marking task as SUCCESS. dag_id=add_entry_dag, task_id=table_creation_task, execution_date=20230615T113500, start_date=20230615T113601, end_date=20230615T113601
[2023-06-15T11:36:01.315+0000] {local_task_job.py:159} INFO - Task exited with return code 0
[2023-06-15T11:36:01.339+0000] {taskinstance.py:2582} INFO - 0 downstream tasks scheduled from follow-on schedule check
