[2023-06-15T07:51:30.924+0000] {taskinstance.py:1087} INFO - Dependencies all met for <TaskInstance: add_entry_dag.add_entry_to_db_task manual__2023-06-15T07:51:29.426649+00:00 [queued]>
[2023-06-15T07:51:30.932+0000] {taskinstance.py:1087} INFO - Dependencies all met for <TaskInstance: add_entry_dag.add_entry_to_db_task manual__2023-06-15T07:51:29.426649+00:00 [queued]>
[2023-06-15T07:51:30.932+0000] {taskinstance.py:1283} INFO - 
--------------------------------------------------------------------------------
[2023-06-15T07:51:30.933+0000] {taskinstance.py:1284} INFO - Starting attempt 1 of 1
[2023-06-15T07:51:30.933+0000] {taskinstance.py:1285} INFO - 
--------------------------------------------------------------------------------
[2023-06-15T07:51:30.942+0000] {taskinstance.py:1304} INFO - Executing <Task(PythonOperator): add_entry_to_db_task> on 2023-06-15 07:51:29.426649+00:00
[2023-06-15T07:51:30.946+0000] {standard_task_runner.py:55} INFO - Started process 711 to run task
[2023-06-15T07:51:30.950+0000] {standard_task_runner.py:82} INFO - Running: ['***', 'tasks', 'run', 'add_entry_dag', 'add_entry_to_db_task', 'manual__2023-06-15T07:51:29.426649+00:00', '--job-id', '21', '--raw', '--subdir', 'DAGS_FOLDER/postgres_dag.py', '--cfg-path', '/tmp/tmpkdoe0jyl']
[2023-06-15T07:51:30.952+0000] {standard_task_runner.py:83} INFO - Job 21: Subtask add_entry_to_db_task
[2023-06-15T07:51:31.007+0000] {task_command.py:389} INFO - Running <TaskInstance: add_entry_dag.add_entry_to_db_task manual__2023-06-15T07:51:29.426649+00:00 [running]> on host 0413488a6cc2
[2023-06-15T07:51:31.058+0000] {taskinstance.py:1513} INFO - Exporting the following env vars:
AIRFLOW_CTX_DAG_OWNER=***
AIRFLOW_CTX_DAG_ID=add_entry_dag
AIRFLOW_CTX_TASK_ID=add_entry_to_db_task
AIRFLOW_CTX_EXECUTION_DATE=2023-06-15T07:51:29.426649+00:00
AIRFLOW_CTX_TRY_NUMBER=1
AIRFLOW_CTX_DAG_RUN_ID=manual__2023-06-15T07:51:29.426649+00:00
[2023-06-15T07:51:31.067+0000] {base.py:73} INFO - Using connection ID 'postgres_conn' for task execution.
[2023-06-15T07:51:31.072+0000] {sql.py:364} INFO - Running statement: INSERT INTO assignment_table (execution_time) VALUES ('2023-06-15 07:51:31.059807'), parameters: None
[2023-06-15T07:51:31.074+0000] {sql.py:373} INFO - Rows affected: 1
[2023-06-15T07:51:31.076+0000] {python.py:177} INFO - Done. Returned value was: None
[2023-06-15T07:51:31.084+0000] {taskinstance.py:1327} INFO - Marking task as SUCCESS. dag_id=add_entry_dag, task_id=add_entry_to_db_task, execution_date=20230615T075129, start_date=20230615T075130, end_date=20230615T075131
[2023-06-15T07:51:31.123+0000] {local_task_job.py:159} INFO - Task exited with return code 0
[2023-06-15T07:51:31.137+0000] {taskinstance.py:2582} INFO - 0 downstream tasks scheduled from follow-on schedule check
