[2023-06-15T07:49:01.533+0000] {taskinstance.py:1087} INFO - Dependencies all met for <TaskInstance: add_entry_dag.add_entry_to_db_task scheduled__2023-06-15T07:48:00+00:00 [queued]>
[2023-06-15T07:49:01.540+0000] {taskinstance.py:1087} INFO - Dependencies all met for <TaskInstance: add_entry_dag.add_entry_to_db_task scheduled__2023-06-15T07:48:00+00:00 [queued]>
[2023-06-15T07:49:01.541+0000] {taskinstance.py:1283} INFO - 
--------------------------------------------------------------------------------
[2023-06-15T07:49:01.541+0000] {taskinstance.py:1284} INFO - Starting attempt 1 of 1
[2023-06-15T07:49:01.541+0000] {taskinstance.py:1285} INFO - 
--------------------------------------------------------------------------------
[2023-06-15T07:49:01.549+0000] {taskinstance.py:1304} INFO - Executing <Task(PythonOperator): add_entry_to_db_task> on 2023-06-15 07:48:00+00:00
[2023-06-15T07:49:01.552+0000] {standard_task_runner.py:55} INFO - Started process 518 to run task
[2023-06-15T07:49:01.556+0000] {standard_task_runner.py:82} INFO - Running: ['***', 'tasks', 'run', 'add_entry_dag', 'add_entry_to_db_task', 'scheduled__2023-06-15T07:48:00+00:00', '--job-id', '15', '--raw', '--subdir', 'DAGS_FOLDER/postgres_dag.py', '--cfg-path', '/tmp/tmpm2pyq_du']
[2023-06-15T07:49:01.558+0000] {standard_task_runner.py:83} INFO - Job 15: Subtask add_entry_to_db_task
[2023-06-15T07:49:01.611+0000] {task_command.py:389} INFO - Running <TaskInstance: add_entry_dag.add_entry_to_db_task scheduled__2023-06-15T07:48:00+00:00 [running]> on host 0413488a6cc2
[2023-06-15T07:49:01.666+0000] {taskinstance.py:1513} INFO - Exporting the following env vars:
AIRFLOW_CTX_DAG_OWNER=***
AIRFLOW_CTX_DAG_ID=add_entry_dag
AIRFLOW_CTX_TASK_ID=add_entry_to_db_task
AIRFLOW_CTX_EXECUTION_DATE=2023-06-15T07:48:00+00:00
AIRFLOW_CTX_TRY_NUMBER=1
AIRFLOW_CTX_DAG_RUN_ID=scheduled__2023-06-15T07:48:00+00:00
[2023-06-15T07:49:01.676+0000] {base.py:73} INFO - Using connection ID 'postgres_conn' for task execution.
[2023-06-15T07:49:01.681+0000] {sql.py:364} INFO - Running statement: INSERT INTO assignment_table (execution_time) VALUES ('2023-06-15 07:49:01.668070'), parameters: None
[2023-06-15T07:49:01.683+0000] {sql.py:373} INFO - Rows affected: 1
[2023-06-15T07:49:01.684+0000] {python.py:177} INFO - Done. Returned value was: None
[2023-06-15T07:49:01.693+0000] {taskinstance.py:1327} INFO - Marking task as SUCCESS. dag_id=add_entry_dag, task_id=add_entry_to_db_task, execution_date=20230615T074800, start_date=20230615T074901, end_date=20230615T074901
[2023-06-15T07:49:01.730+0000] {local_task_job.py:159} INFO - Task exited with return code 0
[2023-06-15T07:49:01.746+0000] {taskinstance.py:2582} INFO - 0 downstream tasks scheduled from follow-on schedule check
