[2023-06-15T10:41:00.312+0000] {taskinstance.py:1087} INFO - Dependencies all met for <TaskInstance: add_entry_dag.table_creation_task scheduled__2023-06-15T10:40:00+00:00 [queued]>
[2023-06-15T10:41:00.318+0000] {taskinstance.py:1087} INFO - Dependencies all met for <TaskInstance: add_entry_dag.table_creation_task scheduled__2023-06-15T10:40:00+00:00 [queued]>
[2023-06-15T10:41:00.319+0000] {taskinstance.py:1283} INFO - 
--------------------------------------------------------------------------------
[2023-06-15T10:41:00.319+0000] {taskinstance.py:1284} INFO - Starting attempt 1 of 1
[2023-06-15T10:41:00.320+0000] {taskinstance.py:1285} INFO - 
--------------------------------------------------------------------------------
[2023-06-15T10:41:00.327+0000] {taskinstance.py:1304} INFO - Executing <Task(PythonOperator): table_creation_task> on 2023-06-15 10:40:00+00:00
[2023-06-15T10:41:00.331+0000] {standard_task_runner.py:55} INFO - Started process 991 to run task
[2023-06-15T10:41:00.334+0000] {standard_task_runner.py:82} INFO - Running: ['***', 'tasks', 'run', 'add_entry_dag', 'table_creation_task', 'scheduled__2023-06-15T10:40:00+00:00', '--job-id', '48', '--raw', '--subdir', 'DAGS_FOLDER/postgres_dag.py', '--cfg-path', '/tmp/tmpuctsn0da']
[2023-06-15T10:41:00.336+0000] {standard_task_runner.py:83} INFO - Job 48: Subtask table_creation_task
[2023-06-15T10:41:00.386+0000] {task_command.py:389} INFO - Running <TaskInstance: add_entry_dag.table_creation_task scheduled__2023-06-15T10:40:00+00:00 [running]> on host ff7147a0d5a7
[2023-06-15T10:41:00.431+0000] {taskinstance.py:1513} INFO - Exporting the following env vars:
AIRFLOW_CTX_DAG_OWNER=***
AIRFLOW_CTX_DAG_ID=add_entry_dag
AIRFLOW_CTX_TASK_ID=table_creation_task
AIRFLOW_CTX_EXECUTION_DATE=2023-06-15T10:40:00+00:00
AIRFLOW_CTX_TRY_NUMBER=1
AIRFLOW_CTX_DAG_RUN_ID=scheduled__2023-06-15T10:40:00+00:00
[2023-06-15T10:41:00.439+0000] {base.py:73} INFO - Using connection ID 'postgres_conn' for task execution.
[2023-06-15T10:41:00.444+0000] {sql.py:364} INFO - Running statement: CREATE TABLE IF NOT EXISTS assignment_table (execution_time TIMESTAMP), parameters: None
[2023-06-15T10:41:00.445+0000] {python.py:177} INFO - Done. Returned value was: None
[2023-06-15T10:41:00.453+0000] {taskinstance.py:1327} INFO - Marking task as SUCCESS. dag_id=add_entry_dag, task_id=table_creation_task, execution_date=20230615T104000, start_date=20230615T104100, end_date=20230615T104100
[2023-06-15T10:41:00.510+0000] {local_task_job.py:159} INFO - Task exited with return code 0
[2023-06-15T10:41:00.527+0000] {taskinstance.py:2582} INFO - 1 downstream tasks scheduled from follow-on schedule check
