[2023-06-16T10:42:54.060+0000] {processor.py:153} INFO - Started process (PID=165) to work on /opt/airflow/dags/postgres_dag.py
[2023-06-16T10:42:54.062+0000] {processor.py:743} INFO - Processing file /opt/airflow/dags/postgres_dag.py for tasks to queue
[2023-06-16T10:42:54.063+0000] {logging_mixin.py:137} INFO - [2023-06-16T10:42:54.063+0000] {dagbag.py:538} INFO - Filling up the DagBag from /opt/airflow/dags/postgres_dag.py
[2023-06-16T10:42:54.127+0000] {processor.py:753} INFO - DAG(s) dict_keys(['add_entry_dag']) retrieved from /opt/airflow/dags/postgres_dag.py
[2023-06-16T10:42:54.256+0000] {logging_mixin.py:137} INFO - [2023-06-16T10:42:54.256+0000] {manager.py:504} INFO - Created Permission View: can edit on DAG:add_entry_dag
[2023-06-16T10:42:54.262+0000] {logging_mixin.py:137} INFO - [2023-06-16T10:42:54.262+0000] {manager.py:504} INFO - Created Permission View: can read on DAG:add_entry_dag
[2023-06-16T10:42:54.266+0000] {logging_mixin.py:137} INFO - [2023-06-16T10:42:54.266+0000] {manager.py:504} INFO - Created Permission View: can delete on DAG:add_entry_dag
[2023-06-16T10:42:54.267+0000] {logging_mixin.py:137} INFO - [2023-06-16T10:42:54.267+0000] {dag.py:2676} INFO - Sync 1 DAGs
[2023-06-16T10:42:54.276+0000] {logging_mixin.py:137} INFO - [2023-06-16T10:42:54.276+0000] {dag.py:2697} INFO - Creating ORM DAG for add_entry_dag
[2023-06-16T10:42:54.287+0000] {logging_mixin.py:137} INFO - [2023-06-16T10:42:54.287+0000] {dag.py:3427} INFO - Setting next_dagrun for add_entry_dag to 2023-06-16T10:41:00+00:00, run_after=2023-06-16T10:42:00+00:00
[2023-06-16T10:42:54.300+0000] {processor.py:175} INFO - Processing /opt/airflow/dags/postgres_dag.py took 0.244 seconds
[2023-06-16T10:43:24.503+0000] {processor.py:153} INFO - Started process (PID=212) to work on /opt/airflow/dags/postgres_dag.py
[2023-06-16T10:43:24.505+0000] {processor.py:743} INFO - Processing file /opt/airflow/dags/postgres_dag.py for tasks to queue
[2023-06-16T10:43:24.505+0000] {logging_mixin.py:137} INFO - [2023-06-16T10:43:24.505+0000] {dagbag.py:538} INFO - Filling up the DagBag from /opt/airflow/dags/postgres_dag.py
[2023-06-16T10:43:24.534+0000] {processor.py:753} INFO - DAG(s) dict_keys(['add_entry_dag']) retrieved from /opt/airflow/dags/postgres_dag.py
[2023-06-16T10:43:24.563+0000] {logging_mixin.py:137} INFO - [2023-06-16T10:43:24.563+0000] {dag.py:2676} INFO - Sync 1 DAGs
[2023-06-16T10:43:24.586+0000] {logging_mixin.py:137} INFO - [2023-06-16T10:43:24.586+0000] {dag.py:3427} INFO - Setting next_dagrun for add_entry_dag to 2023-06-16T10:43:00+00:00, run_after=2023-06-16T10:44:00+00:00
[2023-06-16T10:43:24.622+0000] {processor.py:175} INFO - Processing /opt/airflow/dags/postgres_dag.py took 0.122 seconds
[2023-06-16T10:43:54.747+0000] {processor.py:153} INFO - Started process (PID=242) to work on /opt/airflow/dags/postgres_dag.py
[2023-06-16T10:43:54.749+0000] {processor.py:743} INFO - Processing file /opt/airflow/dags/postgres_dag.py for tasks to queue
[2023-06-16T10:43:54.750+0000] {logging_mixin.py:137} INFO - [2023-06-16T10:43:54.750+0000] {dagbag.py:538} INFO - Filling up the DagBag from /opt/airflow/dags/postgres_dag.py
[2023-06-16T10:43:54.794+0000] {processor.py:753} INFO - DAG(s) dict_keys(['add_entry_dag']) retrieved from /opt/airflow/dags/postgres_dag.py
[2023-06-16T10:43:54.833+0000] {logging_mixin.py:137} INFO - [2023-06-16T10:43:54.833+0000] {dag.py:2676} INFO - Sync 1 DAGs
[2023-06-16T10:43:54.858+0000] {logging_mixin.py:137} INFO - [2023-06-16T10:43:54.857+0000] {dag.py:3427} INFO - Setting next_dagrun for add_entry_dag to 2023-06-16T10:43:00+00:00, run_after=2023-06-16T10:44:00+00:00
[2023-06-16T10:43:54.878+0000] {processor.py:175} INFO - Processing /opt/airflow/dags/postgres_dag.py took 0.134 seconds
[2023-06-16T10:44:25.124+0000] {processor.py:153} INFO - Started process (PID=289) to work on /opt/airflow/dags/postgres_dag.py
[2023-06-16T10:44:25.126+0000] {processor.py:743} INFO - Processing file /opt/airflow/dags/postgres_dag.py for tasks to queue
[2023-06-16T10:44:25.135+0000] {logging_mixin.py:137} INFO - [2023-06-16T10:44:25.134+0000] {dagbag.py:538} INFO - Filling up the DagBag from /opt/airflow/dags/postgres_dag.py
[2023-06-16T10:44:25.177+0000] {processor.py:753} INFO - DAG(s) dict_keys(['add_entry_dag']) retrieved from /opt/airflow/dags/postgres_dag.py
[2023-06-16T10:44:25.207+0000] {logging_mixin.py:137} INFO - [2023-06-16T10:44:25.207+0000] {dag.py:2676} INFO - Sync 1 DAGs
[2023-06-16T10:44:25.226+0000] {logging_mixin.py:137} INFO - [2023-06-16T10:44:25.226+0000] {dag.py:3427} INFO - Setting next_dagrun for add_entry_dag to 2023-06-16T10:44:00+00:00, run_after=2023-06-16T10:45:00+00:00
[2023-06-16T10:44:25.238+0000] {processor.py:175} INFO - Processing /opt/airflow/dags/postgres_dag.py took 0.123 seconds
[2023-06-16T10:44:55.433+0000] {processor.py:153} INFO - Started process (PID=331) to work on /opt/airflow/dags/postgres_dag.py
[2023-06-16T10:44:55.435+0000] {processor.py:743} INFO - Processing file /opt/airflow/dags/postgres_dag.py for tasks to queue
[2023-06-16T10:44:55.436+0000] {logging_mixin.py:137} INFO - [2023-06-16T10:44:55.436+0000] {dagbag.py:538} INFO - Filling up the DagBag from /opt/airflow/dags/postgres_dag.py
[2023-06-16T10:44:55.469+0000] {processor.py:753} INFO - DAG(s) dict_keys(['add_entry_dag']) retrieved from /opt/airflow/dags/postgres_dag.py
[2023-06-16T10:44:55.495+0000] {logging_mixin.py:137} INFO - [2023-06-16T10:44:55.495+0000] {dag.py:2676} INFO - Sync 1 DAGs
[2023-06-16T10:44:55.512+0000] {logging_mixin.py:137} INFO - [2023-06-16T10:44:55.512+0000] {dag.py:3427} INFO - Setting next_dagrun for add_entry_dag to 2023-06-16T10:44:00+00:00, run_after=2023-06-16T10:45:00+00:00
[2023-06-16T10:44:55.522+0000] {processor.py:175} INFO - Processing /opt/airflow/dags/postgres_dag.py took 0.096 seconds
[2023-06-16T10:45:25.759+0000] {processor.py:153} INFO - Started process (PID=365) to work on /opt/airflow/dags/postgres_dag.py
[2023-06-16T10:45:25.760+0000] {processor.py:743} INFO - Processing file /opt/airflow/dags/postgres_dag.py for tasks to queue
[2023-06-16T10:45:25.761+0000] {logging_mixin.py:137} INFO - [2023-06-16T10:45:25.761+0000] {dagbag.py:538} INFO - Filling up the DagBag from /opt/airflow/dags/postgres_dag.py
[2023-06-16T10:45:25.789+0000] {processor.py:753} INFO - DAG(s) dict_keys(['add_entry_dag']) retrieved from /opt/airflow/dags/postgres_dag.py
[2023-06-16T10:45:25.817+0000] {logging_mixin.py:137} INFO - [2023-06-16T10:45:25.817+0000] {dag.py:2676} INFO - Sync 1 DAGs
[2023-06-16T10:45:25.834+0000] {logging_mixin.py:137} INFO - [2023-06-16T10:45:25.834+0000] {dag.py:3427} INFO - Setting next_dagrun for add_entry_dag to 2023-06-16T10:45:00+00:00, run_after=2023-06-16T10:46:00+00:00
[2023-06-16T10:45:25.845+0000] {processor.py:175} INFO - Processing /opt/airflow/dags/postgres_dag.py took 0.090 seconds
[2023-06-16T10:45:56.015+0000] {processor.py:153} INFO - Started process (PID=408) to work on /opt/airflow/dags/postgres_dag.py
[2023-06-16T10:45:56.017+0000] {processor.py:743} INFO - Processing file /opt/airflow/dags/postgres_dag.py for tasks to queue
[2023-06-16T10:45:56.018+0000] {logging_mixin.py:137} INFO - [2023-06-16T10:45:56.018+0000] {dagbag.py:538} INFO - Filling up the DagBag from /opt/airflow/dags/postgres_dag.py
[2023-06-16T10:45:56.047+0000] {processor.py:753} INFO - DAG(s) dict_keys(['add_entry_dag']) retrieved from /opt/airflow/dags/postgres_dag.py
[2023-06-16T10:45:56.075+0000] {logging_mixin.py:137} INFO - [2023-06-16T10:45:56.075+0000] {dag.py:2676} INFO - Sync 1 DAGs
[2023-06-16T10:45:56.095+0000] {logging_mixin.py:137} INFO - [2023-06-16T10:45:56.095+0000] {dag.py:3427} INFO - Setting next_dagrun for add_entry_dag to 2023-06-16T10:45:00+00:00, run_after=2023-06-16T10:46:00+00:00
[2023-06-16T10:45:56.106+0000] {processor.py:175} INFO - Processing /opt/airflow/dags/postgres_dag.py took 0.094 seconds
[2023-06-16T10:46:26.284+0000] {processor.py:153} INFO - Started process (PID=453) to work on /opt/airflow/dags/postgres_dag.py
[2023-06-16T10:46:26.286+0000] {processor.py:743} INFO - Processing file /opt/airflow/dags/postgres_dag.py for tasks to queue
[2023-06-16T10:46:26.287+0000] {logging_mixin.py:137} INFO - [2023-06-16T10:46:26.287+0000] {dagbag.py:538} INFO - Filling up the DagBag from /opt/airflow/dags/postgres_dag.py
[2023-06-16T10:46:26.317+0000] {processor.py:753} INFO - DAG(s) dict_keys(['add_entry_dag']) retrieved from /opt/airflow/dags/postgres_dag.py
[2023-06-16T10:46:26.343+0000] {logging_mixin.py:137} INFO - [2023-06-16T10:46:26.343+0000] {dag.py:2676} INFO - Sync 1 DAGs
[2023-06-16T10:46:26.360+0000] {logging_mixin.py:137} INFO - [2023-06-16T10:46:26.360+0000] {dag.py:3427} INFO - Setting next_dagrun for add_entry_dag to 2023-06-16T10:46:00+00:00, run_after=2023-06-16T10:47:00+00:00
[2023-06-16T10:46:26.370+0000] {processor.py:175} INFO - Processing /opt/airflow/dags/postgres_dag.py took 0.092 seconds
[2023-06-16T10:46:56.611+0000] {processor.py:153} INFO - Started process (PID=483) to work on /opt/airflow/dags/postgres_dag.py
[2023-06-16T10:46:56.612+0000] {processor.py:743} INFO - Processing file /opt/airflow/dags/postgres_dag.py for tasks to queue
[2023-06-16T10:46:56.613+0000] {logging_mixin.py:137} INFO - [2023-06-16T10:46:56.613+0000] {dagbag.py:538} INFO - Filling up the DagBag from /opt/airflow/dags/postgres_dag.py
[2023-06-16T10:46:56.651+0000] {processor.py:753} INFO - DAG(s) dict_keys(['add_entry_dag']) retrieved from /opt/airflow/dags/postgres_dag.py
[2023-06-16T10:46:56.677+0000] {logging_mixin.py:137} INFO - [2023-06-16T10:46:56.677+0000] {dag.py:2676} INFO - Sync 1 DAGs
[2023-06-16T10:46:56.698+0000] {logging_mixin.py:137} INFO - [2023-06-16T10:46:56.698+0000] {dag.py:3427} INFO - Setting next_dagrun for add_entry_dag to 2023-06-16T10:46:00+00:00, run_after=2023-06-16T10:47:00+00:00
[2023-06-16T10:46:56.708+0000] {processor.py:175} INFO - Processing /opt/airflow/dags/postgres_dag.py took 0.102 seconds
[2023-06-16T10:47:26.930+0000] {processor.py:153} INFO - Started process (PID=527) to work on /opt/airflow/dags/postgres_dag.py
[2023-06-16T10:47:26.932+0000] {processor.py:743} INFO - Processing file /opt/airflow/dags/postgres_dag.py for tasks to queue
[2023-06-16T10:47:26.934+0000] {logging_mixin.py:137} INFO - [2023-06-16T10:47:26.934+0000] {dagbag.py:538} INFO - Filling up the DagBag from /opt/airflow/dags/postgres_dag.py
[2023-06-16T10:47:26.970+0000] {processor.py:753} INFO - DAG(s) dict_keys(['add_entry_dag']) retrieved from /opt/airflow/dags/postgres_dag.py
[2023-06-16T10:47:26.998+0000] {logging_mixin.py:137} INFO - [2023-06-16T10:47:26.998+0000] {dag.py:2676} INFO - Sync 1 DAGs
[2023-06-16T10:47:27.015+0000] {logging_mixin.py:137} INFO - [2023-06-16T10:47:27.015+0000] {dag.py:3427} INFO - Setting next_dagrun for add_entry_dag to 2023-06-16T10:47:00+00:00, run_after=2023-06-16T10:48:00+00:00
[2023-06-16T10:47:27.026+0000] {processor.py:175} INFO - Processing /opt/airflow/dags/postgres_dag.py took 0.103 seconds
[2023-06-16T10:47:57.305+0000] {processor.py:153} INFO - Started process (PID=568) to work on /opt/airflow/dags/postgres_dag.py
[2023-06-16T10:47:57.307+0000] {processor.py:743} INFO - Processing file /opt/airflow/dags/postgres_dag.py for tasks to queue
[2023-06-16T10:47:57.308+0000] {logging_mixin.py:137} INFO - [2023-06-16T10:47:57.308+0000] {dagbag.py:538} INFO - Filling up the DagBag from /opt/airflow/dags/postgres_dag.py
[2023-06-16T10:47:57.344+0000] {processor.py:753} INFO - DAG(s) dict_keys(['add_entry_dag']) retrieved from /opt/airflow/dags/postgres_dag.py
[2023-06-16T10:47:57.371+0000] {logging_mixin.py:137} INFO - [2023-06-16T10:47:57.371+0000] {dag.py:2676} INFO - Sync 1 DAGs
[2023-06-16T10:47:57.389+0000] {logging_mixin.py:137} INFO - [2023-06-16T10:47:57.389+0000] {dag.py:3427} INFO - Setting next_dagrun for add_entry_dag to 2023-06-16T10:47:00+00:00, run_after=2023-06-16T10:48:00+00:00
[2023-06-16T10:47:57.399+0000] {processor.py:175} INFO - Processing /opt/airflow/dags/postgres_dag.py took 0.100 seconds
[2023-06-16T10:48:27.650+0000] {processor.py:153} INFO - Started process (PID=601) to work on /opt/airflow/dags/postgres_dag.py
[2023-06-16T10:48:27.651+0000] {processor.py:743} INFO - Processing file /opt/airflow/dags/postgres_dag.py for tasks to queue
[2023-06-16T10:48:27.654+0000] {logging_mixin.py:137} INFO - [2023-06-16T10:48:27.653+0000] {dagbag.py:538} INFO - Filling up the DagBag from /opt/airflow/dags/postgres_dag.py
[2023-06-16T10:48:27.687+0000] {processor.py:753} INFO - DAG(s) dict_keys(['add_entry_dag']) retrieved from /opt/airflow/dags/postgres_dag.py
[2023-06-16T10:48:27.715+0000] {logging_mixin.py:137} INFO - [2023-06-16T10:48:27.715+0000] {dag.py:2676} INFO - Sync 1 DAGs
[2023-06-16T10:48:27.732+0000] {logging_mixin.py:137} INFO - [2023-06-16T10:48:27.732+0000] {dag.py:3427} INFO - Setting next_dagrun for add_entry_dag to 2023-06-16T10:48:00+00:00, run_after=2023-06-16T10:49:00+00:00
[2023-06-16T10:48:27.742+0000] {processor.py:175} INFO - Processing /opt/airflow/dags/postgres_dag.py took 0.097 seconds
[2023-06-16T10:48:57.973+0000] {processor.py:153} INFO - Started process (PID=642) to work on /opt/airflow/dags/postgres_dag.py
[2023-06-16T10:48:57.975+0000] {processor.py:743} INFO - Processing file /opt/airflow/dags/postgres_dag.py for tasks to queue
[2023-06-16T10:48:57.976+0000] {logging_mixin.py:137} INFO - [2023-06-16T10:48:57.976+0000] {dagbag.py:538} INFO - Filling up the DagBag from /opt/airflow/dags/postgres_dag.py
[2023-06-16T10:48:58.009+0000] {processor.py:753} INFO - DAG(s) dict_keys(['add_entry_dag']) retrieved from /opt/airflow/dags/postgres_dag.py
[2023-06-16T10:48:58.035+0000] {logging_mixin.py:137} INFO - [2023-06-16T10:48:58.035+0000] {dag.py:2676} INFO - Sync 1 DAGs
[2023-06-16T10:48:58.054+0000] {logging_mixin.py:137} INFO - [2023-06-16T10:48:58.054+0000] {dag.py:3427} INFO - Setting next_dagrun for add_entry_dag to 2023-06-16T10:48:00+00:00, run_after=2023-06-16T10:49:00+00:00
[2023-06-16T10:48:58.066+0000] {processor.py:175} INFO - Processing /opt/airflow/dags/postgres_dag.py took 0.097 seconds
[2023-06-16T10:49:28.262+0000] {processor.py:153} INFO - Started process (PID=688) to work on /opt/airflow/dags/postgres_dag.py
[2023-06-16T10:49:28.264+0000] {processor.py:743} INFO - Processing file /opt/airflow/dags/postgres_dag.py for tasks to queue
[2023-06-16T10:49:28.265+0000] {logging_mixin.py:137} INFO - [2023-06-16T10:49:28.265+0000] {dagbag.py:538} INFO - Filling up the DagBag from /opt/airflow/dags/postgres_dag.py
[2023-06-16T10:49:28.304+0000] {processor.py:753} INFO - DAG(s) dict_keys(['add_entry_dag']) retrieved from /opt/airflow/dags/postgres_dag.py
[2023-06-16T10:49:28.332+0000] {logging_mixin.py:137} INFO - [2023-06-16T10:49:28.332+0000] {dag.py:2676} INFO - Sync 1 DAGs
[2023-06-16T10:49:28.352+0000] {logging_mixin.py:137} INFO - [2023-06-16T10:49:28.352+0000] {dag.py:3427} INFO - Setting next_dagrun for add_entry_dag to 2023-06-16T10:49:00+00:00, run_after=2023-06-16T10:50:00+00:00
[2023-06-16T10:49:28.363+0000] {processor.py:175} INFO - Processing /opt/airflow/dags/postgres_dag.py took 0.107 seconds
[2023-06-16T10:49:58.634+0000] {processor.py:153} INFO - Started process (PID=717) to work on /opt/airflow/dags/postgres_dag.py
[2023-06-16T10:49:58.635+0000] {processor.py:743} INFO - Processing file /opt/airflow/dags/postgres_dag.py for tasks to queue
[2023-06-16T10:49:58.636+0000] {logging_mixin.py:137} INFO - [2023-06-16T10:49:58.636+0000] {dagbag.py:538} INFO - Filling up the DagBag from /opt/airflow/dags/postgres_dag.py
[2023-06-16T10:49:58.667+0000] {processor.py:753} INFO - DAG(s) dict_keys(['add_entry_dag']) retrieved from /opt/airflow/dags/postgres_dag.py
[2023-06-16T10:49:58.692+0000] {logging_mixin.py:137} INFO - [2023-06-16T10:49:58.692+0000] {dag.py:2676} INFO - Sync 1 DAGs
[2023-06-16T10:49:58.710+0000] {logging_mixin.py:137} INFO - [2023-06-16T10:49:58.710+0000] {dag.py:3427} INFO - Setting next_dagrun for add_entry_dag to 2023-06-16T10:49:00+00:00, run_after=2023-06-16T10:50:00+00:00
[2023-06-16T10:49:58.720+0000] {processor.py:175} INFO - Processing /opt/airflow/dags/postgres_dag.py took 0.091 seconds
[2023-06-16T10:50:28.932+0000] {processor.py:153} INFO - Started process (PID=762) to work on /opt/airflow/dags/postgres_dag.py
[2023-06-16T10:50:28.933+0000] {processor.py:743} INFO - Processing file /opt/airflow/dags/postgres_dag.py for tasks to queue
[2023-06-16T10:50:28.937+0000] {logging_mixin.py:137} INFO - [2023-06-16T10:50:28.936+0000] {dagbag.py:538} INFO - Filling up the DagBag from /opt/airflow/dags/postgres_dag.py
[2023-06-16T10:50:28.970+0000] {processor.py:753} INFO - DAG(s) dict_keys(['add_entry_dag']) retrieved from /opt/airflow/dags/postgres_dag.py
[2023-06-16T10:50:29.000+0000] {logging_mixin.py:137} INFO - [2023-06-16T10:50:29.000+0000] {dag.py:2676} INFO - Sync 1 DAGs
[2023-06-16T10:50:29.020+0000] {logging_mixin.py:137} INFO - [2023-06-16T10:50:29.019+0000] {dag.py:3427} INFO - Setting next_dagrun for add_entry_dag to 2023-06-16T10:50:00+00:00, run_after=2023-06-16T10:51:00+00:00
[2023-06-16T10:50:29.031+0000] {processor.py:175} INFO - Processing /opt/airflow/dags/postgres_dag.py took 0.104 seconds
[2023-06-16T10:50:59.224+0000] {processor.py:153} INFO - Started process (PID=803) to work on /opt/airflow/dags/postgres_dag.py
[2023-06-16T10:50:59.227+0000] {processor.py:743} INFO - Processing file /opt/airflow/dags/postgres_dag.py for tasks to queue
[2023-06-16T10:50:59.230+0000] {logging_mixin.py:137} INFO - [2023-06-16T10:50:59.229+0000] {dagbag.py:538} INFO - Filling up the DagBag from /opt/airflow/dags/postgres_dag.py
[2023-06-16T10:50:59.264+0000] {processor.py:753} INFO - DAG(s) dict_keys(['add_entry_dag']) retrieved from /opt/airflow/dags/postgres_dag.py
[2023-06-16T10:50:59.293+0000] {logging_mixin.py:137} INFO - [2023-06-16T10:50:59.293+0000] {dag.py:2676} INFO - Sync 1 DAGs
[2023-06-16T10:50:59.310+0000] {logging_mixin.py:137} INFO - [2023-06-16T10:50:59.310+0000] {dag.py:3427} INFO - Setting next_dagrun for add_entry_dag to 2023-06-16T10:50:00+00:00, run_after=2023-06-16T10:51:00+00:00
[2023-06-16T10:50:59.320+0000] {processor.py:175} INFO - Processing /opt/airflow/dags/postgres_dag.py took 0.102 seconds
[2023-06-16T10:51:29.581+0000] {processor.py:153} INFO - Started process (PID=836) to work on /opt/airflow/dags/postgres_dag.py
[2023-06-16T10:51:29.583+0000] {processor.py:743} INFO - Processing file /opt/airflow/dags/postgres_dag.py for tasks to queue
[2023-06-16T10:51:29.585+0000] {logging_mixin.py:137} INFO - [2023-06-16T10:51:29.584+0000] {dagbag.py:538} INFO - Filling up the DagBag from /opt/airflow/dags/postgres_dag.py
[2023-06-16T10:51:29.629+0000] {processor.py:753} INFO - DAG(s) dict_keys(['add_entry_dag']) retrieved from /opt/airflow/dags/postgres_dag.py
[2023-06-16T10:51:29.659+0000] {logging_mixin.py:137} INFO - [2023-06-16T10:51:29.658+0000] {dag.py:2676} INFO - Sync 1 DAGs
[2023-06-16T10:51:29.679+0000] {logging_mixin.py:137} INFO - [2023-06-16T10:51:29.678+0000] {dag.py:3427} INFO - Setting next_dagrun for add_entry_dag to 2023-06-16T10:51:00+00:00, run_after=2023-06-16T10:52:00+00:00
[2023-06-16T10:51:29.692+0000] {processor.py:175} INFO - Processing /opt/airflow/dags/postgres_dag.py took 0.116 seconds
[2023-06-16T10:51:59.883+0000] {processor.py:153} INFO - Started process (PID=877) to work on /opt/airflow/dags/postgres_dag.py
[2023-06-16T10:51:59.884+0000] {processor.py:743} INFO - Processing file /opt/airflow/dags/postgres_dag.py for tasks to queue
[2023-06-16T10:51:59.885+0000] {logging_mixin.py:137} INFO - [2023-06-16T10:51:59.885+0000] {dagbag.py:538} INFO - Filling up the DagBag from /opt/airflow/dags/postgres_dag.py
[2023-06-16T10:51:59.917+0000] {processor.py:753} INFO - DAG(s) dict_keys(['add_entry_dag']) retrieved from /opt/airflow/dags/postgres_dag.py
[2023-06-16T10:51:59.947+0000] {logging_mixin.py:137} INFO - [2023-06-16T10:51:59.946+0000] {dag.py:2676} INFO - Sync 1 DAGs
[2023-06-16T10:51:59.966+0000] {logging_mixin.py:137} INFO - [2023-06-16T10:51:59.966+0000] {dag.py:3427} INFO - Setting next_dagrun for add_entry_dag to 2023-06-16T10:51:00+00:00, run_after=2023-06-16T10:52:00+00:00
[2023-06-16T10:51:59.977+0000] {processor.py:175} INFO - Processing /opt/airflow/dags/postgres_dag.py took 0.097 seconds
[2023-06-16T10:52:30.174+0000] {processor.py:153} INFO - Started process (PID=923) to work on /opt/airflow/dags/postgres_dag.py
[2023-06-16T10:52:30.176+0000] {processor.py:743} INFO - Processing file /opt/airflow/dags/postgres_dag.py for tasks to queue
[2023-06-16T10:52:30.177+0000] {logging_mixin.py:137} INFO - [2023-06-16T10:52:30.177+0000] {dagbag.py:538} INFO - Filling up the DagBag from /opt/airflow/dags/postgres_dag.py
[2023-06-16T10:52:30.204+0000] {processor.py:753} INFO - DAG(s) dict_keys(['add_entry_dag']) retrieved from /opt/airflow/dags/postgres_dag.py
[2023-06-16T10:52:30.228+0000] {logging_mixin.py:137} INFO - [2023-06-16T10:52:30.228+0000] {dag.py:2676} INFO - Sync 1 DAGs
[2023-06-16T10:52:30.245+0000] {logging_mixin.py:137} INFO - [2023-06-16T10:52:30.245+0000] {dag.py:3427} INFO - Setting next_dagrun for add_entry_dag to 2023-06-16T10:52:00+00:00, run_after=2023-06-16T10:53:00+00:00
[2023-06-16T10:52:30.255+0000] {processor.py:175} INFO - Processing /opt/airflow/dags/postgres_dag.py took 0.085 seconds
[2023-06-16T10:53:00.529+0000] {processor.py:153} INFO - Started process (PID=953) to work on /opt/airflow/dags/postgres_dag.py
[2023-06-16T10:53:00.530+0000] {processor.py:743} INFO - Processing file /opt/airflow/dags/postgres_dag.py for tasks to queue
[2023-06-16T10:53:00.531+0000] {logging_mixin.py:137} INFO - [2023-06-16T10:53:00.531+0000] {dagbag.py:538} INFO - Filling up the DagBag from /opt/airflow/dags/postgres_dag.py
[2023-06-16T10:53:00.554+0000] {processor.py:753} INFO - DAG(s) dict_keys(['add_entry_dag']) retrieved from /opt/airflow/dags/postgres_dag.py
[2023-06-16T10:53:00.582+0000] {logging_mixin.py:137} INFO - [2023-06-16T10:53:00.582+0000] {dag.py:2676} INFO - Sync 1 DAGs
[2023-06-16T10:53:00.602+0000] {logging_mixin.py:137} INFO - [2023-06-16T10:53:00.602+0000] {dag.py:3427} INFO - Setting next_dagrun for add_entry_dag to 2023-06-16T10:53:00+00:00, run_after=2023-06-16T10:54:00+00:00
[2023-06-16T10:53:00.612+0000] {processor.py:175} INFO - Processing /opt/airflow/dags/postgres_dag.py took 0.085 seconds
[2023-06-16T10:53:30.803+0000] {processor.py:153} INFO - Started process (PID=998) to work on /opt/airflow/dags/postgres_dag.py
[2023-06-16T10:53:30.805+0000] {processor.py:743} INFO - Processing file /opt/airflow/dags/postgres_dag.py for tasks to queue
[2023-06-16T10:53:30.806+0000] {logging_mixin.py:137} INFO - [2023-06-16T10:53:30.806+0000] {dagbag.py:538} INFO - Filling up the DagBag from /opt/airflow/dags/postgres_dag.py
[2023-06-16T10:53:30.838+0000] {processor.py:753} INFO - DAG(s) dict_keys(['add_entry_dag']) retrieved from /opt/airflow/dags/postgres_dag.py
[2023-06-16T10:53:30.862+0000] {logging_mixin.py:137} INFO - [2023-06-16T10:53:30.862+0000] {dag.py:2676} INFO - Sync 1 DAGs
[2023-06-16T10:53:30.879+0000] {logging_mixin.py:137} INFO - [2023-06-16T10:53:30.879+0000] {dag.py:3427} INFO - Setting next_dagrun for add_entry_dag to 2023-06-16T10:53:00+00:00, run_after=2023-06-16T10:54:00+00:00
[2023-06-16T10:53:30.888+0000] {processor.py:175} INFO - Processing /opt/airflow/dags/postgres_dag.py took 0.088 seconds
[2023-06-16T10:54:01.087+0000] {processor.py:153} INFO - Started process (PID=1040) to work on /opt/airflow/dags/postgres_dag.py
[2023-06-16T10:54:01.088+0000] {processor.py:743} INFO - Processing file /opt/airflow/dags/postgres_dag.py for tasks to queue
[2023-06-16T10:54:01.089+0000] {logging_mixin.py:137} INFO - [2023-06-16T10:54:01.089+0000] {dagbag.py:538} INFO - Filling up the DagBag from /opt/airflow/dags/postgres_dag.py
[2023-06-16T10:54:01.110+0000] {processor.py:753} INFO - DAG(s) dict_keys(['add_entry_dag']) retrieved from /opt/airflow/dags/postgres_dag.py
[2023-06-16T10:54:01.137+0000] {logging_mixin.py:137} INFO - [2023-06-16T10:54:01.137+0000] {dag.py:2676} INFO - Sync 1 DAGs
[2023-06-16T10:54:01.155+0000] {logging_mixin.py:137} INFO - [2023-06-16T10:54:01.155+0000] {dag.py:3427} INFO - Setting next_dagrun for add_entry_dag to 2023-06-16T10:54:00+00:00, run_after=2023-06-16T10:55:00+00:00
[2023-06-16T10:54:01.166+0000] {processor.py:175} INFO - Processing /opt/airflow/dags/postgres_dag.py took 0.081 seconds
[2023-06-16T10:54:31.384+0000] {processor.py:153} INFO - Started process (PID=1071) to work on /opt/airflow/dags/postgres_dag.py
[2023-06-16T10:54:31.387+0000] {processor.py:743} INFO - Processing file /opt/airflow/dags/postgres_dag.py for tasks to queue
[2023-06-16T10:54:31.388+0000] {logging_mixin.py:137} INFO - [2023-06-16T10:54:31.388+0000] {dagbag.py:538} INFO - Filling up the DagBag from /opt/airflow/dags/postgres_dag.py
[2023-06-16T10:54:31.422+0000] {processor.py:753} INFO - DAG(s) dict_keys(['add_entry_dag']) retrieved from /opt/airflow/dags/postgres_dag.py
[2023-06-16T10:54:31.452+0000] {logging_mixin.py:137} INFO - [2023-06-16T10:54:31.452+0000] {dag.py:2676} INFO - Sync 1 DAGs
[2023-06-16T10:54:31.472+0000] {logging_mixin.py:137} INFO - [2023-06-16T10:54:31.472+0000] {dag.py:3427} INFO - Setting next_dagrun for add_entry_dag to 2023-06-16T10:54:00+00:00, run_after=2023-06-16T10:55:00+00:00
[2023-06-16T10:54:31.483+0000] {processor.py:175} INFO - Processing /opt/airflow/dags/postgres_dag.py took 0.103 seconds
[2023-06-16T10:54:41.519+0000] {processor.py:153} INFO - Started process (PID=1088) to work on /opt/airflow/dags/postgres_dag.py
[2023-06-16T10:54:41.521+0000] {processor.py:743} INFO - Processing file /opt/airflow/dags/postgres_dag.py for tasks to queue
[2023-06-16T10:54:41.524+0000] {logging_mixin.py:137} INFO - [2023-06-16T10:54:41.523+0000] {dagbag.py:538} INFO - Filling up the DagBag from /opt/airflow/dags/postgres_dag.py
[2023-06-16T10:54:41.560+0000] {logging_mixin.py:137} INFO - [2023-06-16T10:54:41.559+0000] {dagbag.py:343} ERROR - Failed to import: /opt/airflow/dags/postgres_dag.py
Traceback (most recent call last):
  File "/home/airflow/.local/lib/python3.7/site-packages/airflow/models/dagbag.py", line 339, in parse
    loader.exec_module(new_module)
  File "<frozen importlib._bootstrap_external>", line 728, in exec_module
  File "<frozen importlib._bootstrap>", line 219, in _call_with_frames_removed
  File "/opt/airflow/dags/postgres_dag.py", line 9, in <module>
    do
NameError: name 'do' is not defined
[2023-06-16T10:54:41.561+0000] {processor.py:755} WARNING - No viable dags retrieved from /opt/airflow/dags/postgres_dag.py
[2023-06-16T10:54:41.579+0000] {processor.py:175} INFO - Processing /opt/airflow/dags/postgres_dag.py took 0.065 seconds
[2023-06-16T10:54:43.633+0000] {processor.py:153} INFO - Started process (PID=1093) to work on /opt/airflow/dags/postgres_dag.py
[2023-06-16T10:54:43.635+0000] {processor.py:743} INFO - Processing file /opt/airflow/dags/postgres_dag.py for tasks to queue
[2023-06-16T10:54:43.636+0000] {logging_mixin.py:137} INFO - [2023-06-16T10:54:43.636+0000] {dagbag.py:538} INFO - Filling up the DagBag from /opt/airflow/dags/postgres_dag.py
[2023-06-16T10:54:43.675+0000] {processor.py:753} INFO - DAG(s) dict_keys(['add_entry_dag']) retrieved from /opt/airflow/dags/postgres_dag.py
[2023-06-16T10:54:43.703+0000] {logging_mixin.py:137} INFO - [2023-06-16T10:54:43.702+0000] {dag.py:2676} INFO - Sync 1 DAGs
[2023-06-16T10:54:43.721+0000] {logging_mixin.py:137} INFO - [2023-06-16T10:54:43.721+0000] {dag.py:3427} INFO - Setting next_dagrun for add_entry_dag to 2023-06-16T10:54:00+00:00, run_after=2023-06-16T10:55:00+00:00
[2023-06-16T10:54:43.734+0000] {processor.py:175} INFO - Processing /opt/airflow/dags/postgres_dag.py took 0.106 seconds
